<?xml version="1.0" encoding="UTF-8"?>
<testng-results ignored="0" total="2" passed="2" failed="0" skipped="0">
  <reporter-output>
  </reporter-output>
  <suite started-at="2024-06-26T02:14:43 EET" name="Default suite" finished-at="2024-06-26T02:15:11 EET" duration-ms="27178">
    <groups>
    </groups>
    <test started-at="2024-06-26T02:14:43 EET" name="Default test" finished-at="2024-06-26T02:15:11 EET" duration-ms="27178">
      <class name="dataBaseTesting.myTestCasesDB">
        <test-method is-config="true" signature="mySetup()[pri:0, instance:dataBaseTesting.myTestCasesDB@75cd8043]" started-at="2024-06-26T02:14:44 EET" name="mySetup" finished-at="2024-06-26T02:14:44 EET" duration-ms="453" status="PASS">
          <reporter-output>
          </reporter-output>
        </test-method> <!-- mySetup -->
        <test-method signature="getData()[pri:2, instance:dataBaseTesting.myTestCasesDB@75cd8043]" started-at="2024-06-26T02:14:44 EET" name="getData" finished-at="2024-06-26T02:15:11 EET" duration-ms="26661" status="PASS">
          <reporter-output>
          </reporter-output>
        </test-method> <!-- getData -->
        <test-method signature="updateData()[pri:3, instance:dataBaseTesting.myTestCasesDB@75cd8043]" started-at="2024-06-26T02:15:11 EET" name="updateData" finished-at="2024-06-26T02:15:11 EET" duration-ms="13" status="PASS">
          <reporter-output>
          </reporter-output>
        </test-method> <!-- updateData -->
      </class> <!-- dataBaseTesting.myTestCasesDB -->
    </test> <!-- Default test -->
  </suite> <!-- Default suite -->
</testng-results>
